Using pre-set license
Built from '2020.3/staging' branch; Version is '2020.3.11f1 (99c7afb366b3) revision 10078127'; Using compiler version '192528614'; Build Type 'Release'
OS: 'Windows 10 Education; OS build 18363.836; Version 1909; 64bit' Language: 'pt' Physical Memory: 16303 MB
BatchMode: 1, IsHumanControllingUs: 0, StartBugReporterOnCrash: 0, Is64bit: 1, IsPro: 0

 COMMAND LINE ARGUMENTS:
C:\Program Files\Unity\Hub\Editor\2020.3.11f1\Editor\Unity.exe
-adb2
-batchMode
-noUpm
-name
AssetImportWorker0
-projectPath
C:/Unity/Aulas/Projeto Serious Games 1
-logFile
Logs/AssetImportWorker0.log
-srvPort
55978
Successfully changed project path to: C:/Unity/Aulas/Projeto Serious Games 1
C:/Unity/Aulas/Projeto Serious Games 1
Using Asset Import Pipeline V2.
Refreshing native plugins compatible for Editor in 119.35 ms, found 3 plugins.
Preloading 0 native plugins for Editor in 0.00 ms.
Initialize engine version: 2020.3.11f1 (99c7afb366b3)
[Subsystems] Discovering subsystems at path C:/Program Files/Unity/Hub/Editor/2020.3.11f1/Editor/Data/Resources/UnitySubsystems
[Subsystems] Discovering subsystems at path C:/Unity/Aulas/Projeto Serious Games 1/Assets
GfxDevice: creating device client; threaded=0
Direct3D:
    Version:  Direct3D 11.0 [level 11.0]
    Renderer: NVIDIA GeForce GTX 960M (ID=0x139b)
    Vendor:   
    VRAM:     4055 MB
    Driver:   30.0.14.7111
Initialize mono
Mono path[0] = 'C:/Program Files/Unity/Hub/Editor/2020.3.11f1/Editor/Data/Managed'
Mono path[1] = 'C:/Program Files/Unity/Hub/Editor/2020.3.11f1/Editor/Data/MonoBleedingEdge/lib/mono/unityjit'
Mono config path = 'C:/Program Files/Unity/Hub/Editor/2020.3.11f1/Editor/Data/MonoBleedingEdge/etc'
Using monoOptions --debugger-agent=transport=dt_socket,embedding=1,server=y,suspend=n,address=127.0.0.1:56352
Begin MonoManager ReloadAssembly
Registering precompiled unity dll's ...
Register platform support module: C:/Program Files/Unity/Hub/Editor/2020.3.11f1/Editor/Data/PlaybackEngines/MacStandaloneSupport/UnityEditor.OSXStandalone.Extensions.dll
Register platform support module: C:/Program Files/Unity/Hub/Editor/2020.3.11f1/Editor/Data/PlaybackEngines/WindowsStandaloneSupport/UnityEditor.WindowsStandalone.Extensions.dll
Register platform support module: C:/Program Files/Unity/Hub/Editor/2020.3.11f1/Editor/Data/PlaybackEngines/LinuxStandaloneSupport/UnityEditor.LinuxStandalone.Extensions.dll
Registered in 0.004917 seconds.
Native extension for LinuxStandalone target not found
Native extension for WindowsStandalone target not found
Native extension for OSXStandalone target not found
Refreshing native plugins compatible for Editor in 131.21 ms, found 3 plugins.
Preloading 0 native plugins for Editor in 0.00 ms.
Mono: successfully reloaded assembly
- Completed reload, in  4.962 seconds
Platform modules already initialized, skipping
Registering precompiled user dll's ...
Registered in 0.014208 seconds.
Begin MonoManager ReloadAssembly
Native extension for LinuxStandalone target not found
Native extension for WindowsStandalone target not found
Native extension for OSXStandalone target not found
Refreshing native plugins compatible for Editor in 102.25 ms, found 3 plugins.
Preloading 0 native plugins for Editor in 0.00 ms.
Mono: successfully reloaded assembly
- Completed reload, in  2.904 seconds
Platform modules already initialized, skipping
========================================================================
Worker process is ready to serve import requests
Launched and connected shader compiler UnityShaderCompiler.exe after 0.12 seconds
Refreshing native plugins compatible for Editor in 0.79 ms, found 3 plugins.
Preloading 0 native plugins for Editor in 0.00 ms.
Unloading 2249 Unused Serialized files (Serialized files now loaded: 0)
System memory in use before: 100.0 MB.
System memory in use after: 99.9 MB.

Unloading 37 unused Assets to reduce memory usage. Loaded Objects now: 2687.
Total: 4.655500 ms (FindLiveObjects: 0.257200 ms CreateObjectMapping: 0.179900 ms MarkObjects: 3.678400 ms  DeleteObjects: 0.537500 ms)

========================================================================
Received Import Request.
  path: Assets/Script/Aula 4/Data.cs
  artifactKey: Guid(b7e6daf0e073f75489e3ff8043bbf272) Importer(815301076,1909f56bfc062723c751e8b465ee728b)
Start importing Assets/Script/Aula 4/Data.cs using Guid(b7e6daf0e073f75489e3ff8043bbf272) Importer(815301076,1909f56bfc062723c751e8b465ee728b)  -> (artifact id: '57a65d2c320a34dc37ac33d640edb977') in 0.274352 seconds
  Import took 0.332049 seconds .

========================================================================
Received Prepare
Registering precompiled user dll's ...
Registered in 0.333400 seconds.
Begin MonoManager ReloadAssembly
Native extension for LinuxStandalone target not found
Native extension for WindowsStandalone target not found
Native extension for OSXStandalone target not found
Refreshing native plugins compatible for Editor in 1.86 ms, found 3 plugins.
Preloading 0 native plugins for Editor in 0.00 ms.
Mono: successfully reloaded assembly
- Completed reload, in  3.731 seconds
Platform modules already initialized, skipping
Switching build target platform(19) subTarget(0) extendedPlatform(0) -> platform(13) subTarget(537395200) extendedPlatform(0)
Refreshing native plugins compatible for Editor in 0.72 ms, found 3 plugins.
Preloading 0 native plugins for Editor in 0.00 ms.
Unloading 2240 Unused Serialized files (Serialized files now loaded: 0)
System memory in use before: 99.2 MB.
System memory in use after: 99.2 MB.

Unloading 25 unused Assets to reduce memory usage. Loaded Objects now: 2691.
Total: 3.121200 ms (FindLiveObjects: 0.459000 ms CreateObjectMapping: 0.158900 ms MarkObjects: 2.345800 ms  DeleteObjects: 0.156100 ms)

AssetImportParameters requested are different than current active one (requested -> active):
  custom:graphics/normal-map-encoding: 01000000000000000000000000000000 -> 02000000000000000000000000000000
========================================================================
Received Import Request.
  Time since last request: 126.633329 seconds.
  path: Assets/Script/Aula 4
  artifactKey: Guid(bc800e714053f6743a6be78d70b7e1f8) Importer(815301076,1909f56bfc062723c751e8b465ee728b)
Start importing Assets/Script/Aula 4 using Guid(bc800e714053f6743a6be78d70b7e1f8) Importer(815301076,1909f56bfc062723c751e8b465ee728b)  -> (artifact id: 'e54f5c5cbda8166862c85beec39b9ad1') in 0.016169 seconds
  Import took 0.076162 seconds .

========================================================================
Received Prepare
Registering precompiled user dll's ...
Registered in 0.014263 seconds.
Begin MonoManager ReloadAssembly
Native extension for LinuxStandalone target not found
Native extension for WindowsStandalone target not found
Native extension for OSXStandalone target not found
Refreshing native plugins compatible for Editor in 0.67 ms, found 3 plugins.
Preloading 0 native plugins for Editor in 0.00 ms.
Mono: successfully reloaded assembly
- Completed reload, in  1.877 seconds
Platform modules already initialized, skipping
Switching build target platform(19) subTarget(0) extendedPlatform(0) -> platform(13) subTarget(537395200) extendedPlatform(0)
Refreshing native plugins compatible for Editor in 0.65 ms, found 3 plugins.
Preloading 0 native plugins for Editor in 0.00 ms.
Unloading 2240 Unused Serialized files (Serialized files now loaded: 0)
System memory in use before: 99.3 MB.
System memory in use after: 99.2 MB.

Unloading 25 unused Assets to reduce memory usage. Loaded Objects now: 2695.
Total: 4.513800 ms (FindLiveObjects: 0.342700 ms CreateObjectMapping: 0.247300 ms MarkObjects: 3.624300 ms  DeleteObjects: 0.297700 ms)

AssetImportParameters requested are different than current active one (requested -> active):
  custom:graphics/normal-map-encoding: 01000000000000000000000000000000 -> 02000000000000000000000000000000
========================================================================
Received Import Request.
  Time since last request: 1254.200599 seconds.
  path: Assets/Script/Aula 4/Data.cs
  artifactKey: Guid(b7e6daf0e073f75489e3ff8043bbf272) Importer(815301076,1909f56bfc062723c751e8b465ee728b)
Start importing Assets/Script/Aula 4/Data.cs using Guid(b7e6daf0e073f75489e3ff8043bbf272) Importer(815301076,1909f56bfc062723c751e8b465ee728b)  -> (artifact id: 'f999a53387f9b9f9dce9355b637d53b9') in 0.008315 seconds
  Import took 0.018905 seconds .

AssetImportWorkerClient::OnTransportError - code=2 error=End of file
