Using pre-set license
Built from '2020.3/staging' branch; Version is '2020.3.11f1 (99c7afb366b3) revision 10078127'; Using compiler version '192528614'; Build Type 'Release'
OS: 'Windows 10 Education; OS build 18363.836; Version 1909; 64bit' Language: 'pt' Physical Memory: 16303 MB
BatchMode: 1, IsHumanControllingUs: 0, StartBugReporterOnCrash: 0, Is64bit: 1, IsPro: 0

 COMMAND LINE ARGUMENTS:
C:\Program Files\Unity\Hub\Editor\2020.3.11f1\Editor\Unity.exe
-adb2
-batchMode
-noUpm
-name
AssetImportWorker0
-projectPath
C:/Unity/Aulas/Projeto Serious Games 1
-logFile
Logs/AssetImportWorker0.log
-srvPort
60016
Successfully changed project path to: C:/Unity/Aulas/Projeto Serious Games 1
C:/Unity/Aulas/Projeto Serious Games 1
Using Asset Import Pipeline V2.
Refreshing native plugins compatible for Editor in 74.06 ms, found 3 plugins.
Preloading 0 native plugins for Editor in 0.00 ms.
Initialize engine version: 2020.3.11f1 (99c7afb366b3)
[Subsystems] Discovering subsystems at path C:/Program Files/Unity/Hub/Editor/2020.3.11f1/Editor/Data/Resources/UnitySubsystems
[Subsystems] Discovering subsystems at path C:/Unity/Aulas/Projeto Serious Games 1/Assets
GfxDevice: creating device client; threaded=0
Direct3D:
    Version:  Direct3D 11.0 [level 11.0]
    Renderer: NVIDIA GeForce GTX 960M (ID=0x139b)
    Vendor:   
    VRAM:     4055 MB
    Driver:   30.0.14.7111
Initialize mono
Mono path[0] = 'C:/Program Files/Unity/Hub/Editor/2020.3.11f1/Editor/Data/Managed'
Mono path[1] = 'C:/Program Files/Unity/Hub/Editor/2020.3.11f1/Editor/Data/MonoBleedingEdge/lib/mono/unityjit'
Mono config path = 'C:/Program Files/Unity/Hub/Editor/2020.3.11f1/Editor/Data/MonoBleedingEdge/etc'
Using monoOptions --debugger-agent=transport=dt_socket,embedding=1,server=y,suspend=n,address=127.0.0.1:56380
Begin MonoManager ReloadAssembly
Registering precompiled unity dll's ...
Register platform support module: C:/Program Files/Unity/Hub/Editor/2020.3.11f1/Editor/Data/PlaybackEngines/MacStandaloneSupport/UnityEditor.OSXStandalone.Extensions.dll
Register platform support module: C:/Program Files/Unity/Hub/Editor/2020.3.11f1/Editor/Data/PlaybackEngines/WindowsStandaloneSupport/UnityEditor.WindowsStandalone.Extensions.dll
Register platform support module: C:/Program Files/Unity/Hub/Editor/2020.3.11f1/Editor/Data/PlaybackEngines/LinuxStandaloneSupport/UnityEditor.LinuxStandalone.Extensions.dll
Registered in 0.003872 seconds.
Native extension for LinuxStandalone target not found
Native extension for WindowsStandalone target not found
Native extension for OSXStandalone target not found
Refreshing native plugins compatible for Editor in 64.16 ms, found 3 plugins.
Preloading 0 native plugins for Editor in 0.00 ms.
Mono: successfully reloaded assembly
- Completed reload, in  2.758 seconds
Platform modules already initialized, skipping
Registering precompiled user dll's ...
Registered in 0.008397 seconds.
Begin MonoManager ReloadAssembly
Native extension for LinuxStandalone target not found
Native extension for WindowsStandalone target not found
Native extension for OSXStandalone target not found
Refreshing native plugins compatible for Editor in 92.87 ms, found 3 plugins.
Preloading 0 native plugins for Editor in 0.00 ms.
Mono: successfully reloaded assembly
- Completed reload, in  1.941 seconds
Platform modules already initialized, skipping
========================================================================
Worker process is ready to serve import requests
Launched and connected shader compiler UnityShaderCompiler.exe after 0.07 seconds
Refreshing native plugins compatible for Editor in 0.66 ms, found 3 plugins.
Preloading 0 native plugins for Editor in 0.00 ms.
Unloading 2248 Unused Serialized files (Serialized files now loaded: 0)
System memory in use before: 100.0 MB.
System memory in use after: 99.9 MB.

Unloading 37 unused Assets to reduce memory usage. Loaded Objects now: 2686.
Total: 3.411300 ms (FindLiveObjects: 0.421600 ms CreateObjectMapping: 0.284200 ms MarkObjects: 2.482400 ms  DeleteObjects: 0.222000 ms)

========================================================================
Received Import Request.
  path: Assets/Prefabs/birb.prefab
  artifactKey: Guid(f260f9e5bd9d9e6458b936aea00d7129) Importer(815301076,1909f56bfc062723c751e8b465ee728b)
Start importing Assets/Prefabs/birb.prefab using Guid(f260f9e5bd9d9e6458b936aea00d7129) Importer(815301076,1909f56bfc062723c751e8b465ee728b)  -> (artifact id: '78fc6428bfdc8af46e377fb7501d3479') in 0.275762 seconds
  Import took 0.281948 seconds .

========================================================================
Received Import Request.
  Time since last request: 0.000319 seconds.
  path: Assets/Script/Aula 3/Birb.cs
  artifactKey: Guid(07fa57ec616a720408e98f86ecde2f96) Importer(815301076,1909f56bfc062723c751e8b465ee728b)
Start importing Assets/Script/Aula 3/Birb.cs using Guid(07fa57ec616a720408e98f86ecde2f96) Importer(815301076,1909f56bfc062723c751e8b465ee728b)  -> (artifact id: '1007a2b1c5e1e046e6b737f20d804d46') in 0.006954 seconds
  Import took 0.012586 seconds .

========================================================================
Received Import Request.
  Time since last request: 0.000258 seconds.
  path: Assets/Script/Aula 3/Hud.cs
  artifactKey: Guid(0a6e1578a9f3f7e4e8a9d7b437a0369f) Importer(815301076,1909f56bfc062723c751e8b465ee728b)
Start importing Assets/Script/Aula 3/Hud.cs using Guid(0a6e1578a9f3f7e4e8a9d7b437a0369f) Importer(815301076,1909f56bfc062723c751e8b465ee728b)  -> (artifact id: 'beaaeb799afe347297a9deaea33f8436') in 0.012386 seconds
  Import took 0.017463 seconds .

========================================================================
Received Prepare
Registering precompiled user dll's ...
Registered in 0.038186 seconds.
Begin MonoManager ReloadAssembly
Native extension for LinuxStandalone target not found
Native extension for WindowsStandalone target not found
Native extension for OSXStandalone target not found
Refreshing native plugins compatible for Editor in 0.82 ms, found 3 plugins.
Preloading 0 native plugins for Editor in 0.00 ms.
Mono: successfully reloaded assembly
- Completed reload, in  2.585 seconds
Platform modules already initialized, skipping
Switching build target platform(19) subTarget(0) extendedPlatform(0) -> platform(13) subTarget(537395200) extendedPlatform(0)
Refreshing native plugins compatible for Editor in 0.82 ms, found 3 plugins.
Preloading 0 native plugins for Editor in 0.00 ms.
Unloading 2239 Unused Serialized files (Serialized files now loaded: 0)
System memory in use before: 102.2 MB.
System memory in use after: 102.2 MB.

Unloading 25 unused Assets to reduce memory usage. Loaded Objects now: 2697.
Total: 3.072200 ms (FindLiveObjects: 0.269500 ms CreateObjectMapping: 0.127800 ms MarkObjects: 2.527800 ms  DeleteObjects: 0.145900 ms)

AssetImportParameters requested are different than current active one (requested -> active):
  custom:graphics/normal-map-encoding: 01000000000000000000000000000000 -> 02000000000000000000000000000000
========================================================================
Received Import Request.
  Time since last request: 49.285264 seconds.
  path: Assets/Script/Aula 3/Birb.cs
  artifactKey: Guid(07fa57ec616a720408e98f86ecde2f96) Importer(815301076,1909f56bfc062723c751e8b465ee728b)
Start importing Assets/Script/Aula 3/Birb.cs using Guid(07fa57ec616a720408e98f86ecde2f96) Importer(815301076,1909f56bfc062723c751e8b465ee728b)  -> (artifact id: 'ce3c6cef75b34684bbeec4c76bb679eb') in 0.011298 seconds
  Import took 0.017537 seconds .

========================================================================
Received Import Request.
  Time since last request: 0.052790 seconds.
  path: Assets/Script/Aula 3/Birb.cs
  artifactKey: Guid(07fa57ec616a720408e98f86ecde2f96) Importer(815301076,1909f56bfc062723c751e8b465ee728b)
Start importing Assets/Script/Aula 3/Birb.cs using Guid(07fa57ec616a720408e98f86ecde2f96) Importer(815301076,1909f56bfc062723c751e8b465ee728b)  -> (artifact id: 'ce3c6cef75b34684bbeec4c76bb679eb') in 0.012124 seconds
  Import took 0.019119 seconds .

========================================================================
Received Import Request.
  Time since last request: 18.171299 seconds.
  path: Assets/Prefabs/flap.prefab
  artifactKey: Guid(f348ca894dd02244790f4c28a6c85e6a) Importer(815301076,1909f56bfc062723c751e8b465ee728b)
Start importing Assets/Prefabs/flap.prefab using Guid(f348ca894dd02244790f4c28a6c85e6a) Importer(815301076,1909f56bfc062723c751e8b465ee728b)  -> (artifact id: '8585cb621976236e7409b9469e8ca2d9') in 0.039656 seconds
  Import took 0.045067 seconds .

========================================================================
Received Import Request.
  Time since last request: 0.077813 seconds.
  path: Assets/Prefabs/flap.prefab
  artifactKey: Guid(f348ca894dd02244790f4c28a6c85e6a) Importer(815301076,1909f56bfc062723c751e8b465ee728b)
Start importing Assets/Prefabs/flap.prefab using Guid(f348ca894dd02244790f4c28a6c85e6a) Importer(815301076,1909f56bfc062723c751e8b465ee728b)  -> (artifact id: '8585cb621976236e7409b9469e8ca2d9') in 0.008015 seconds
  Import took 0.013352 seconds .

========================================================================
Received Prepare
Registering precompiled user dll's ...
Registered in 0.007479 seconds.
Begin MonoManager ReloadAssembly
Native extension for LinuxStandalone target not found
Native extension for WindowsStandalone target not found
Native extension for OSXStandalone target not found
Refreshing native plugins compatible for Editor in 0.64 ms, found 3 plugins.
Preloading 0 native plugins for Editor in 0.00 ms.
Mono: successfully reloaded assembly
- Completed reload, in  1.781 seconds
Platform modules already initialized, skipping
Switching build target platform(19) subTarget(0) extendedPlatform(0) -> platform(13) subTarget(537395200) extendedPlatform(0)
Refreshing native plugins compatible for Editor in 0.69 ms, found 3 plugins.
Preloading 0 native plugins for Editor in 0.00 ms.
Unloading 2239 Unused Serialized files (Serialized files now loaded: 0)
System memory in use before: 102.3 MB.
System memory in use after: 102.3 MB.

Unloading 25 unused Assets to reduce memory usage. Loaded Objects now: 2701.
Total: 3.712900 ms (FindLiveObjects: 0.345800 ms CreateObjectMapping: 0.118200 ms MarkObjects: 3.025700 ms  DeleteObjects: 0.222000 ms)

AssetImportParameters requested are different than current active one (requested -> active):
  custom:graphics/normal-map-encoding: 01000000000000000000000000000000 -> 02000000000000000000000000000000
========================================================================
Received Import Request.
  Time since last request: 38.413986 seconds.
  path: Assets/Prefabs/birb.prefab
  artifactKey: Guid(f260f9e5bd9d9e6458b936aea00d7129) Importer(815301076,1909f56bfc062723c751e8b465ee728b)
Start importing Assets/Prefabs/birb.prefab using Guid(f260f9e5bd9d9e6458b936aea00d7129) Importer(815301076,1909f56bfc062723c751e8b465ee728b)  -> (artifact id: '209af0f645eed1829859346de9d85da7') in 0.099198 seconds
  Import took 0.105340 seconds .

========================================================================
Received Import Request.
  Time since last request: 0.073375 seconds.
  path: Assets/Prefabs/birb.prefab
  artifactKey: Guid(f260f9e5bd9d9e6458b936aea00d7129) Importer(815301076,1909f56bfc062723c751e8b465ee728b)
Start importing Assets/Prefabs/birb.prefab using Guid(f260f9e5bd9d9e6458b936aea00d7129) Importer(815301076,1909f56bfc062723c751e8b465ee728b)  -> (artifact id: '209af0f645eed1829859346de9d85da7') in 0.023862 seconds
  Import took 0.029413 seconds .

========================================================================
Received Prepare
Registering precompiled user dll's ...
Registered in 0.007184 seconds.
Begin MonoManager ReloadAssembly
Native extension for LinuxStandalone target not found
Native extension for WindowsStandalone target not found
Native extension for OSXStandalone target not found
Refreshing native plugins compatible for Editor in 0.86 ms, found 3 plugins.
Preloading 0 native plugins for Editor in 0.00 ms.
Mono: successfully reloaded assembly
- Completed reload, in  1.916 seconds
Platform modules already initialized, skipping
Switching build target platform(19) subTarget(0) extendedPlatform(0) -> platform(13) subTarget(537395200) extendedPlatform(0)
Refreshing native plugins compatible for Editor in 0.66 ms, found 3 plugins.
Preloading 0 native plugins for Editor in 0.00 ms.
Unloading 2239 Unused Serialized files (Serialized files now loaded: 0)
System memory in use before: 102.4 MB.
System memory in use after: 102.4 MB.

Unloading 25 unused Assets to reduce memory usage. Loaded Objects now: 2706.
Total: 4.504100 ms (FindLiveObjects: 0.335400 ms CreateObjectMapping: 0.145600 ms MarkObjects: 3.804000 ms  DeleteObjects: 0.217400 ms)

AssetImportParameters requested are different than current active one (requested -> active):
  custom:graphics/normal-map-encoding: 01000000000000000000000000000000 -> 02000000000000000000000000000000
========================================================================
Received Prepare
Registering precompiled user dll's ...
Registered in 0.009683 seconds.
Begin MonoManager ReloadAssembly
Native extension for LinuxStandalone target not found
Native extension for WindowsStandalone target not found
Native extension for OSXStandalone target not found
Refreshing native plugins compatible for Editor in 0.64 ms, found 3 plugins.
Preloading 0 native plugins for Editor in 0.00 ms.
Mono: successfully reloaded assembly
- Completed reload, in  1.891 seconds
Platform modules already initialized, skipping
Switching build target platform(19) subTarget(0) extendedPlatform(0) -> platform(13) subTarget(537395200) extendedPlatform(0)
Refreshing native plugins compatible for Editor in 0.64 ms, found 3 plugins.
Preloading 0 native plugins for Editor in 0.00 ms.
Unloading 2239 Unused Serialized files (Serialized files now loaded: 0)
System memory in use before: 102.5 MB.
System memory in use after: 102.5 MB.

Unloading 25 unused Assets to reduce memory usage. Loaded Objects now: 2710.
Total: 3.834700 ms (FindLiveObjects: 0.365900 ms CreateObjectMapping: 0.173500 ms MarkObjects: 3.126400 ms  DeleteObjects: 0.167900 ms)

AssetImportParameters requested are different than current active one (requested -> active):
  custom:graphics/normal-map-encoding: 01000000000000000000000000000000 -> 02000000000000000000000000000000
========================================================================
Received Import Request.
  Time since last request: 78.545243 seconds.
  path: Assets/Prefabs/Hud.prefab
  artifactKey: Guid(e50548173da651d4387d725f8f9b0622) Importer(815301076,1909f56bfc062723c751e8b465ee728b)
Start importing Assets/Prefabs/Hud.prefab using Guid(e50548173da651d4387d725f8f9b0622) Importer(815301076,1909f56bfc062723c751e8b465ee728b)  -> (artifact id: 'cd8b7998eae99837cc48e47b2898e6f6') in 0.045403 seconds
  Import took 0.051534 seconds .

========================================================================
Received Prepare
Registering precompiled user dll's ...
Registered in 0.012219 seconds.
Begin MonoManager ReloadAssembly
Native extension for LinuxStandalone target not found
Native extension for WindowsStandalone target not found
Native extension for OSXStandalone target not found
Refreshing native plugins compatible for Editor in 0.68 ms, found 3 plugins.
Preloading 0 native plugins for Editor in 0.00 ms.
Mono: successfully reloaded assembly
- Completed reload, in  2.182 seconds
Platform modules already initialized, skipping
Switching build target platform(19) subTarget(0) extendedPlatform(0) -> platform(13) subTarget(537395200) extendedPlatform(0)
Refreshing native plugins compatible for Editor in 0.67 ms, found 3 plugins.
Preloading 0 native plugins for Editor in 0.00 ms.
Unloading 2239 Unused Serialized files (Serialized files now loaded: 0)
System memory in use before: 102.5 MB.
System memory in use after: 102.6 MB.

Unloading 25 unused Assets to reduce memory usage. Loaded Objects now: 2716.
Total: 3.765900 ms (FindLiveObjects: 0.464400 ms CreateObjectMapping: 0.164800 ms MarkObjects: 2.984500 ms  DeleteObjects: 0.151000 ms)

AssetImportParameters requested are different than current active one (requested -> active):
  custom:graphics/normal-map-encoding: 01000000000000000000000000000000 -> 02000000000000000000000000000000
========================================================================
Received Prepare
Registering precompiled user dll's ...
Registered in 0.008077 seconds.
Begin MonoManager ReloadAssembly
Native extension for LinuxStandalone target not found
Native extension for WindowsStandalone target not found
Native extension for OSXStandalone target not found
Refreshing native plugins compatible for Editor in 0.74 ms, found 3 plugins.
Preloading 0 native plugins for Editor in 0.00 ms.
Mono: successfully reloaded assembly
- Completed reload, in  1.901 seconds
Platform modules already initialized, skipping
Switching build target platform(19) subTarget(0) extendedPlatform(0) -> platform(13) subTarget(537395200) extendedPlatform(0)
Refreshing native plugins compatible for Editor in 0.68 ms, found 3 plugins.
Preloading 0 native plugins for Editor in 0.00 ms.
Unloading 2239 Unused Serialized files (Serialized files now loaded: 0)
System memory in use before: 102.5 MB.
System memory in use after: 102.6 MB.

Unloading 25 unused Assets to reduce memory usage. Loaded Objects now: 2720.
Total: 3.132800 ms (FindLiveObjects: 0.351400 ms CreateObjectMapping: 0.187900 ms MarkObjects: 2.428200 ms  DeleteObjects: 0.164100 ms)

AssetImportParameters requested are different than current active one (requested -> active):
  custom:graphics/normal-map-encoding: 01000000000000000000000000000000 -> 02000000000000000000000000000000
========================================================================
Received Prepare
Registering precompiled user dll's ...
Registered in 0.007004 seconds.
Begin MonoManager ReloadAssembly
Native extension for LinuxStandalone target not found
Native extension for WindowsStandalone target not found
Native extension for OSXStandalone target not found
Refreshing native plugins compatible for Editor in 0.65 ms, found 3 plugins.
Preloading 0 native plugins for Editor in 0.00 ms.
Mono: successfully reloaded assembly
- Completed reload, in  2.103 seconds
Platform modules already initialized, skipping
Switching build target platform(19) subTarget(0) extendedPlatform(0) -> platform(13) subTarget(537395200) extendedPlatform(0)
Refreshing native plugins compatible for Editor in 0.81 ms, found 3 plugins.
Preloading 0 native plugins for Editor in 0.00 ms.
Unloading 2239 Unused Serialized files (Serialized files now loaded: 0)
System memory in use before: 102.5 MB.
System memory in use after: 102.6 MB.

Unloading 25 unused Assets to reduce memory usage. Loaded Objects now: 2724.
Total: 3.879000 ms (FindLiveObjects: 0.339900 ms CreateObjectMapping: 0.145100 ms MarkObjects: 3.172200 ms  DeleteObjects: 0.220100 ms)

AssetImportParameters requested are different than current active one (requested -> active):
  custom:graphics/normal-map-encoding: 01000000000000000000000000000000 -> 02000000000000000000000000000000
========================================================================
Received Prepare
Registering precompiled user dll's ...
Registered in 0.007017 seconds.
Begin MonoManager ReloadAssembly
Native extension for LinuxStandalone target not found
Native extension for WindowsStandalone target not found
Native extension for OSXStandalone target not found
Refreshing native plugins compatible for Editor in 0.71 ms, found 3 plugins.
Preloading 0 native plugins for Editor in 0.00 ms.
Mono: successfully reloaded assembly
- Completed reload, in  1.963 seconds
Platform modules already initialized, skipping
Switching build target platform(19) subTarget(0) extendedPlatform(0) -> platform(13) subTarget(537395200) extendedPlatform(0)
Refreshing native plugins compatible for Editor in 0.65 ms, found 3 plugins.
Preloading 0 native plugins for Editor in 0.00 ms.
Unloading 2239 Unused Serialized files (Serialized files now loaded: 0)
System memory in use before: 102.6 MB.
System memory in use after: 102.7 MB.

Unloading 25 unused Assets to reduce memory usage. Loaded Objects now: 2728.
Total: 4.724400 ms (FindLiveObjects: 0.298900 ms CreateObjectMapping: 0.160500 ms MarkObjects: 3.914400 ms  DeleteObjects: 0.349000 ms)

AssetImportParameters requested are different than current active one (requested -> active):
  custom:graphics/normal-map-encoding: 01000000000000000000000000000000 -> 02000000000000000000000000000000
========================================================================
Received Prepare
Registering precompiled user dll's ...
Registered in 0.017015 seconds.
Begin MonoManager ReloadAssembly
Native extension for LinuxStandalone target not found
Native extension for WindowsStandalone target not found
Native extension for OSXStandalone target not found
Refreshing native plugins compatible for Editor in 1.22 ms, found 3 plugins.
Preloading 0 native plugins for Editor in 0.00 ms.
Mono: successfully reloaded assembly
- Completed reload, in  3.687 seconds
Platform modules already initialized, skipping
Switching build target platform(19) subTarget(0) extendedPlatform(0) -> platform(13) subTarget(537395200) extendedPlatform(0)
Refreshing native plugins compatible for Editor in 1.50 ms, found 3 plugins.
Preloading 0 native plugins for Editor in 0.00 ms.
Unloading 2239 Unused Serialized files (Serialized files now loaded: 0)
System memory in use before: 102.6 MB.
System memory in use after: 102.7 MB.

Unloading 25 unused Assets to reduce memory usage. Loaded Objects now: 2732.
Total: 11.162300 ms (FindLiveObjects: 0.941200 ms CreateObjectMapping: 3.481700 ms MarkObjects: 6.380600 ms  DeleteObjects: 0.356800 ms)

AssetImportParameters requested are different than current active one (requested -> active):
  custom:graphics/normal-map-encoding: 01000000000000000000000000000000 -> 02000000000000000000000000000000
========================================================================
Received Prepare
Registering precompiled user dll's ...
Registered in 0.008700 seconds.
Begin MonoManager ReloadAssembly
Native extension for LinuxStandalone target not found
Native extension for WindowsStandalone target not found
Native extension for OSXStandalone target not found
Refreshing native plugins compatible for Editor in 1.11 ms, found 3 plugins.
Preloading 0 native plugins for Editor in 0.00 ms.
Mono: successfully reloaded assembly
- Completed reload, in  1.826 seconds
Platform modules already initialized, skipping
Switching build target platform(19) subTarget(0) extendedPlatform(0) -> platform(13) subTarget(537395200) extendedPlatform(0)
Refreshing native plugins compatible for Editor in 0.83 ms, found 3 plugins.
Preloading 0 native plugins for Editor in 0.00 ms.
Unloading 2239 Unused Serialized files (Serialized files now loaded: 0)
System memory in use before: 102.6 MB.
System memory in use after: 102.7 MB.

Unloading 25 unused Assets to reduce memory usage. Loaded Objects now: 2736.
Total: 3.038400 ms (FindLiveObjects: 0.288500 ms CreateObjectMapping: 0.115100 ms MarkObjects: 2.402500 ms  DeleteObjects: 0.230900 ms)

AssetImportParameters requested are different than current active one (requested -> active):
  custom:graphics/normal-map-encoding: 01000000000000000000000000000000 -> 02000000000000000000000000000000
========================================================================
Received Prepare
Registering precompiled user dll's ...
Registered in 0.032035 seconds.
Begin MonoManager ReloadAssembly
Native extension for LinuxStandalone target not found
Native extension for WindowsStandalone target not found
Native extension for OSXStandalone target not found
Refreshing native plugins compatible for Editor in 1.05 ms, found 3 plugins.
Preloading 0 native plugins for Editor in 0.00 ms.
Mono: successfully reloaded assembly
- Completed reload, in  3.674 seconds
Platform modules already initialized, skipping
Switching build target platform(19) subTarget(0) extendedPlatform(0) -> platform(13) subTarget(537395200) extendedPlatform(0)
Refreshing native plugins compatible for Editor in 1.18 ms, found 3 plugins.
Preloading 0 native plugins for Editor in 0.00 ms.
Unloading 2239 Unused Serialized files (Serialized files now loaded: 0)
System memory in use before: 102.7 MB.
System memory in use after: 102.8 MB.

Unloading 25 unused Assets to reduce memory usage. Loaded Objects now: 2740.
Total: 6.435900 ms (FindLiveObjects: 0.611000 ms CreateObjectMapping: 0.509100 ms MarkObjects: 5.093700 ms  DeleteObjects: 0.220700 ms)

AssetImportParameters requested are different than current active one (requested -> active):
  custom:graphics/normal-map-encoding: 01000000000000000000000000000000 -> 02000000000000000000000000000000
========================================================================
Received Prepare
Refreshing native plugins compatible for Editor in 6.97 ms, found 3 plugins.
Preloading 0 native plugins for Editor in 0.00 ms.
Unloading 23 Unused Serialized files (Serialized files now loaded: 0)
System memory in use before: 59.0 MB.
System memory in use after: 59.0 MB.

Unloading 23 unused Assets to reduce memory usage. Loaded Objects now: 2740.
Total: 5.333100 ms (FindLiveObjects: 0.303500 ms CreateObjectMapping: 0.130500 ms MarkObjects: 4.733400 ms  DeleteObjects: 0.164100 ms)

